[2016.10.25-09.02.24:293][  0]Log file open, 10/25/16 18:02:24
[2016.10.25-09.02.24:293][  0]LogInit:Display: Running engine for game: PaperNinja
[2016.10.25-09.02.24:293][  0]LogPlatformFile: Not using cached read wrapper
[2016.10.25-09.02.24:293][  0]LogInit:Display: RandInit(-313876889) SRandInit(-313876888).
[2016.10.25-09.02.24:293][  0]LogTaskGraph: Started task graph with 4 named threads and 7 total threads.
[2016.10.25-09.02.24:293][  0]LogStats: Stats thread started at 0.089347
[2016.10.25-09.02.24:293][  0]LogInit: Version: 4.10.4-2872498+++depot+UE4-Releases+4.10
[2016.10.25-09.02.24:293][  0]LogInit: API Version: 2758231
[2016.10.25-09.02.24:293][  0]LogInit: Compiled (64-bit): Feb 18 2016 15:47:04
[2016.10.25-09.02.24:293][  0]LogInit: Compiled with Visual C++: 19.00.23026.00
[2016.10.25-09.02.24:293][  0]LogInit: Build Configuration: Development
[2016.10.25-09.02.24:293][  0]LogInit: Branch Name: ++depot+UE4-Releases+4.10
[2016.10.25-09.02.24:293][  0]LogInit: Command line: 
[2016.10.25-09.02.24:293][  0]LogInit: Base directory: D:/Program Files/Epic Games/4.10/Engine/Binaries/Win64/
[2016.10.25-09.02.24:293][  0]LogInit: Rocket: 1
[2016.10.25-09.02.24:303][  0]LogInit: Using libcurl 7.41.0
[2016.10.25-09.02.24:303][  0]LogInit:  - built for x86_64-pc-win32
[2016.10.25-09.02.24:303][  0]LogInit:  - supports SSL with WinSSL
[2016.10.25-09.02.24:303][  0]LogInit:  - other features:
[2016.10.25-09.02.24:303][  0]LogInit:      CURL_VERSION_SSL
[2016.10.25-09.02.24:303][  0]LogInit:      CURL_VERSION_IPV6
[2016.10.25-09.02.24:303][  0]LogInit:      CURL_VERSION_ASYNCHDNS
[2016.10.25-09.02.24:303][  0]LogInit:      CURL_VERSION_LARGEFILE
[2016.10.25-09.02.24:303][  0]LogInit:      CURL_VERSION_IDN
[2016.10.25-09.02.24:303][  0]LogInit:  CurlRequestOptions (configurable via config and command line):
[2016.10.25-09.02.24:303][  0]LogInit:  - bVerifyPeer = true  - Libcurl will verify peer certificate
[2016.10.25-09.02.24:303][  0]LogInit:  - bUseHttpProxy = false  - Libcurl will NOT use HTTP proxy
[2016.10.25-09.02.24:303][  0]LogInit:  - bDontReuseConnections = false  - Libcurl will reuse connections
[2016.10.25-09.02.24:303][  0]LogInit:  - CertBundlePath = nullptr  - Libcurl will use whatever was configured at build time.
[2016.10.25-09.02.24:310][  0]LogInit: Presizing for 0 objects not considered by GC, pre-allocating 0 bytes.
[2016.10.25-09.02.24:315][  0]LogInit: Object subsystem initialized
[2016.10.25-09.02.24:316][  0]LogInit: Selected Device Profile: [Windows]
[2016.10.25-09.02.24:316][  0]LogInit: Applying CVar settings loaded from the selected device profile: [Windows]
[2016.10.25-09.02.24:324][  0]LogInit: Computer: DESKTOP-VK2JK2P
[2016.10.25-09.02.24:324][  0]LogInit: User: BoyeongYeon
[2016.10.25-09.02.24:324][  0]LogInit: CPU Page size=4096, Cores=4
[2016.10.25-09.02.24:324][  0]LogInit: High frequency timer resolution =2.531252 MHz
[2016.10.25-09.02.24:324][  0]LogMemory: Memory total: Physical=15.9GB (16GB approx)
[2016.10.25-09.02.24:324][  0]LogMemory: Platform Memory Stats for Windows
[2016.10.25-09.02.24:324][  0]LogMemory: Process Physical Memory: 57.08 MB used, 57.08 MB peak
[2016.10.25-09.02.24:324][  0]LogMemory: Process Virtual Memory: 56.76 MB used, 56.76 MB peak
[2016.10.25-09.02.24:324][  0]LogMemory: Physical Memory: 4303.17 MB used, 16268.49 MB total
[2016.10.25-09.02.24:324][  0]LogMemory: Virtual Memory: 383.84 MB used, 134217728.00 MB total
[2016.10.25-09.02.24:394][  0]LogTextLocalizationManager: No specific translations for ('ko-KR') exist, so ('ko') translations will be used.
[2016.10.25-09.02.24:440][  0]LogTextLocalizationManager:Warning: Loaded localization resources contain conflicting entries for (Namespace:UObjectToolTips, Key:AnimNode_AssetPlayerBase:InternalTimeAccumulator):
Localization Resource: (D:/Program Files/Epic Games/4.10/Engine/Content/Localization/EditorTutorials/ko/EditorTutorials.locres) Source String Hash: (502993589) Localized String: (이 노드에서 애셋을 레퍼런싱하는 데 사용되는 누적 시간입니다.)
Localization Resource: (D:/Program Files/Epic Games/4.10/Engine/Content/Localization/Engine/ko/Engine.locres) Source String Hash: (502993589) Localized String: (이 노드에서 애셋을 레퍼런싱하는 데 사용된 누적 시간입니다.)
[2016.10.25-09.02.24:440][  0]LogTextLocalizationManager:Warning: Loaded localization resources contain conflicting entries for (Namespace:UObjectToolTips, Key:AnimNode_AssetPlayerBase:bIgnoreForRelevancyTest):
Localization Resource: (D:/Program Files/Epic Games/4.10/Engine/Content/Localization/EditorTutorials/ko/EditorTutorials.locres) Source String Hash: (319969718) Localized String: (True 면, 스테이트에서 최고 가중치 애니메이션을 찾는 "Relevant anim" 노드는 이 노드를 무시합니다.
 )
Localization Resource: (D:/Program Files/Epic Games/4.10/Engine/Content/Localization/Engine/ko/Engine.locres) Source String Hash: (319969718) Localized String: (True 면 스테이트 내 최고 웨이팅된 애니메이션을 찾는 "Relevant anim" 노드가 무시됩니다.
 )
[2016.10.25-09.02.24:440][  0]LogTextLocalizationManager:Warning: Loaded localization resources contain conflicting entries for (Namespace:UObjectToolTips, Key:AnimNode_AssetPlayerBase:BlendWeight):
Localization Resource: (D:/Program Files/Epic Games/4.10/Engine/Content/Localization/EditorTutorials/ko/EditorTutorials.locres) Source String Hash: (-1232800293) Localized String: (이 노드에 마지막 걸린 블렌드웨이트 입니다.)
Localization Resource: (D:/Program Files/Epic Games/4.10/Engine/Content/Localization/Engine/ko/Engine.locres) Source String Hash: (-1232800293) Localized String: (이 노드에 대해 마지막 접한 블렌드 웨이트)
[2016.10.25-09.02.24:626][  0]LogD3D11RHI: Found D3D11 adapter 0: NVIDIA GeForce GTX 970M      (Feature Level 11_0)
[2016.10.25-09.02.24:626][  0]LogD3D11RHI: Adapter has 2991MB of dedicated video memory, 0MB of dedicated system memory, and 8134MB of shared system memory, 1 output[s]
[2016.10.25-09.02.24:635][  0]LogD3D11RHI: Found D3D11 adapter 1: Intel(R) HD Graphics 530 (Feature Level 11_0)
[2016.10.25-09.02.24:635][  0]LogD3D11RHI: Adapter has 128MB of dedicated video memory, 0MB of dedicated system memory, and 8134MB of shared system memory, 0 output[s]
[2016.10.25-09.02.24:637][  0]LogD3D11RHI: Found D3D11 adapter 2: Microsoft Basic Render Driver (Feature Level 11_0)
[2016.10.25-09.02.24:637][  0]LogD3D11RHI: Adapter has 0MB of dedicated video memory, 0MB of dedicated system memory, and 8134MB of shared system memory, 0 output[s]
[2016.10.25-09.02.24:637][  0]LogD3D11RHI: Chosen D3D11 Adapter Id = 0
[2016.10.25-09.02.24:641][  0]LogD3D11RHI: !Direct3DDevice
[2016.10.25-09.02.24:641][  0]LogRHI: Texture pool is 1361 MB (70% of 1945 MB)
[2016.10.25-09.02.24:660][  0]LogD3D11RHI: Async texture creation enabled
[2016.10.25-09.02.24:674][  0]LogShaderCompilers: Guid format shader working directory is -5 characters bigger than the processId version (../../../../../../Documents/Unreal Projects/PaperNinja/Intermediate/Shaders/WorkingDirectory/4232/).
[2016.10.25-09.02.24:674][  0]LogShaderCompilers: Cleaned the shader compiler working directory 'C:/Users/BOYEON~1/AppData/Local/Temp/UnrealShaderWorkingDir/73434A86436C95CE894A2CA9F2C32A53/'.
[2016.10.25-09.02.24:674][  0]LogShaderCompilers:Display: Using Local Shader Compiler.
[2016.10.25-09.02.25:577][  0]LogTemp:Display: Loaded TP AllDesktopTargetPlatform
[2016.10.25-09.02.25:582][  0]LogTemp:Display: Loaded TP WindowsClientTargetPlatform
[2016.10.25-09.02.25:586][  0]LogTemp:Display: Loaded TP WindowsNoEditorTargetPlatform
[2016.10.25-09.02.25:591][  0]LogTemp:Display: Loaded TP WindowsServerTargetPlatform
[2016.10.25-09.02.25:595][  0]LogTemp:Display: Loaded TP WindowsTargetPlatform
[2016.10.25-09.02.25:598][  0]LogTemp:Display: Loaded TP AndroidTargetPlatform
[2016.10.25-09.02.25:601][  0]LogTemp:Display: Loaded TP Android_ASTCTargetPlatform
[2016.10.25-09.02.25:604][  0]LogTemp:Display: Loaded TP Android_ATCTargetPlatform
[2016.10.25-09.02.25:607][  0]LogTemp:Display: Loaded TP Android_DXTTargetPlatform
[2016.10.25-09.02.25:610][  0]LogTemp:Display: Loaded TP Android_ETC1TargetPlatform
[2016.10.25-09.02.25:613][  0]LogTemp:Display: Loaded TP Android_ETC2TargetPlatform
[2016.10.25-09.02.25:618][  0]LogTemp:Display: Loaded TP Android_MultiTargetPlatform
[2016.10.25-09.02.25:618][  0]LogTemp:Display: Loaded TP Android_PVRTCTargetPlatform
[2016.10.25-09.02.25:620][  0]LogTemp:Display: Loaded TP HTML5TargetPlatform
[2016.10.25-09.02.25:637][  0]LogTemp:Display: Loaded TP IOSTargetPlatform
[2016.10.25-09.02.25:639][  0]LogTemp:Display: Loaded TP LinuxNoEditorTargetPlatform
[2016.10.25-09.02.25:642][  0]LogTemp:Display: Loaded TP LinuxServerTargetPlatform
[2016.10.25-09.02.25:645][  0]LogTemp:Display: Loaded TP LinuxTargetPlatform
[2016.10.25-09.02.25:645][  0]LogTargetPlatformManager:Display: Building Assets For Windows
[2016.10.25-09.02.25:744][  0]LogDerivedDataCache:Display: Max Cache Size: 512 MB
[2016.10.25-09.02.25:782][  0]LogDerivedDataCache: Loaded boot cache 0.04s 41MB C:/Users/BoyeongYeon/AppData/Local/UnrealEngine/4.10/DerivedDataCache/Boot.ddc.
[2016.10.25-09.02.25:782][  0]LogDerivedDataCache:Display: Loaded Boot cache: C:/Users/BoyeongYeon/AppData/Local/UnrealEngine/4.10/DerivedDataCache/Boot.ddc
[2016.10.25-09.02.25:783][  0]LogDerivedDataCache: FDerivedDataBackendGraph:  Pak pak cache file ../../../../../../Documents/Unreal Projects/PaperNinja/DerivedDataCache/DDC.ddp not found, will not use a pak cache.
[2016.10.25-09.02.25:783][  0]LogDerivedDataCache: Unable to find inner node Pak for hierarchical cache Hierarchy.
[2016.10.25-09.02.25:783][  0]LogDerivedDataCache: FDerivedDataBackendGraph:  CompressedPak pak cache file ../../../../../../Documents/Unreal Projects/PaperNinja/DerivedDataCache/Compressed.ddp not found, will not use a pak cache.
[2016.10.25-09.02.25:783][  0]LogDerivedDataCache: Unable to find inner node CompressedPak for hierarchical cache Hierarchy.
[2016.10.25-09.02.25:836][  0]LogDerivedDataCache:Display: Pak cache opened for reading ../../../Engine/DerivedDataCache/Compressed.ddp.
[2016.10.25-09.02.25:848][  0]LogDerivedDataCache: Using Local data cache path C:/Users/BoyeongYeon/AppData/Local/UnrealEngine/Common/DerivedDataCache: Writable
[2016.10.25-09.02.26:012][  0]LogInit: Selected Device Profile: [Windows]
[2016.10.25-09.02.26:014][  0]LogContentStreaming: Texture pool size is 0.000000MB
[2016.10.25-09.02.26:116][  0]LogMeshUtilities: No automatic mesh reduction module available
[2016.10.25-09.02.26:116][  0]LogMeshUtilities: No automatic mesh merging module available
[2016.10.25-09.02.26:321][  0]LogInit: WinSock: version 1.1 (2.2), MaxSocks=32767, MaxUdp=65467
[2016.10.25-09.02.27:091][  0]UdpMessaging: Initializing bridge on interface 0.0.0.0:0 to multicast group 230.0.0.1:6666.
[2016.10.25-09.02.27:229][  0]LogAssetRegistry: FAssetRegistry took 0.0110 seconds to start up
[2016.10.25-09.02.27:400][  0]SourceControl: 정보 소스 콘트롤이 꺼졌습니다.
[2016.10.25-09.02.27:402][  0]SourceControl: 정보 소스 콘트롤이 꺼졌습니다.
[2016.10.25-09.02.27:415][  0]SourceControl: 정보 소스 콘트롤이 꺼졌습니다.
[2016.10.25-09.02.27:428][  0]SourceControl: 정보 소스 콘트롤이 꺼졌습니다.
[2016.10.25-09.02.27:671][  0]LogObj: 28633 objects as part of root set at end of initial load.
[2016.10.25-09.02.27:671][  0]LogUObjectAllocator: 6099752 out of 0 bytes used by permanent object pool.
[2016.10.25-09.02.27:733][  0]LogEngine: Initializing Engine...
[2016.10.25-09.02.27:739][  0]LogHMD: Can't find Oculus library dev build: is proper Runtime installed? Version: 0.8.0.0
[2016.10.25-09.02.27:739][  0]LogHMD: SteamVR failed to initialize.  Err: 110
[2016.10.25-09.02.27:859][  0]LogAIModule: Creating AISystem for world NewWorld
[2016.10.25-09.02.27:873][  0]LogInit: XAudio2 using '스피커(Realtek High Definition Audio)' : 2 channels at 48 kHz using 32 bits per sample (channel mask 0x3)
[2016.10.25-09.02.27:933][  0]LogInit: FAudioDevice initialized.
[2016.10.25-09.02.27:957][  0]LogDerivedDataCache: Saved boot cache 0.02s 41MB C:/Users/BoyeongYeon/AppData/Local/UnrealEngine/4.10/DerivedDataCache/Boot.ddc.
[2016.10.25-09.02.27:959][  0]LogInit: Texture streaming: Enabled
[2016.10.25-09.02.27:965][  0]LogAnalytics: Creating configured Analytics provider AnalyticsET
[2016.10.25-09.02.27:965][  0]LogAnalytics: [UEEditor.Rocket.Release] APIServer = http://et2.epicgames.com/ET2/. AppVersion = 4.10.4-2872498+++depot+UE4-Releases+4.10
[2016.10.25-09.02.27:965][  0]LogAnalytics: [UEEditor.Rocket.Release] SetUserId 44018eb544c401a9295909b2813e31ec|7260c19b5aeb45edafca6b45e10b0fc9|a8720809-fe1d-49d8-be2a-1d556cbea416
[2016.10.25-09.02.27:965][  0]LogAnalytics: [UEEditor.Rocket.Release] AnalyticsET::StartSession
[2016.10.25-09.02.27:974][  0]LogInit: Transaction tracking system initialized
[2016.10.25-09.02.28:001][  0]BlueprintLog: New page: 에디터 로드
[2016.10.25-09.02.28:082][  0]LocalizationService: 정보 현지화 서비스가 비활성화되었습니다.
[2016.10.25-09.02.28:155][  0]LogConsoleResponse:Display: 
[2016.10.25-09.02.28:262][  0]LogCook:Display: Done creating registry. It took  0.00s.
[2016.10.25-09.02.28:321][  0]LogFileCache: Scanning file cache for directory 'D:/Documents/Unreal Projects/PaperNinja/Content/' took 0.02s
[2016.10.25-09.02.28:321][  0]SourceControl: 정보 소스 콘트롤이 꺼졌습니다.
[2016.10.25-09.02.28:321][  0]Cmd: MAP LOAD FILE="../../../../../../Documents/Unreal Projects/PaperNinja/Content/StarterContent/Maps/Minimal_Default.umap" TEMPLATE=0 SHOWPROGRESS=1 FEATURELEVEL=3
[2016.10.25-09.02.28:321][  0]LightingResults: New page: 라이팅 빌드
[2016.10.25-09.02.28:324][  0]MapCheck: New page: 맵 체크
[2016.10.25-09.02.28:324][  0]LightingResults: New page: 라이팅 빌드
[2016.10.25-09.02.28:334][  0]LogParticles: Destroying 0 GPU particle simulations for FXSystem 0x0000013342BF1260
[2016.10.25-09.02.29:045][  0]LogAIModule: Creating AISystem for world Minimal_Default
[2016.10.25-09.02.29:051][  0]LogEditorServer: Finished looking for orphan Actors (0.000 secs)
[2016.10.25-09.02.29:051][  0]Cmd: MAP CHECKDEP NOCLEARLOG
[2016.10.25-09.02.29:111][  0]MapCheck: 정보 맵 체크 완료: 오류 0 회, 경고 0 회, 소요 시간 59.825ms.
[2016.10.25-09.02.29:111][  0]LogFileHelpers: Loading map 'Minimal_Default' took 0.791
[2016.10.25-09.02.29:270][  0]LogCollectionManager: Loaded 0 collections in 0.001909 seconds
[2016.10.25-09.02.29:310][  0]LogFileCache: Scanning file cache for directory 'D:/Documents/Unreal Projects/PaperNinja/Saved/Collections/' took 0.01s
[2016.10.25-09.02.29:310][  0]LogFileCache: Scanning file cache for directory 'D:/Documents/Unreal Projects/PaperNinja/Content/Developers/BoyeongYeon/Collections/' took 0.01s
[2016.10.25-09.02.29:310][  0]LogFileCache: Scanning file cache for directory 'D:/Documents/Unreal Projects/PaperNinja/Content/Collections/' took 0.01s
[2016.10.25-09.02.29:310][  0]LogCollectionManager: Rebuilt the GUID cache for 0 collections in 0.000001 seconds
[2016.10.25-09.02.29:317][  0]LogContentBrowser: Native class hierarchy populated in 0.0070 seconds. Added 1893 classes and 338 folders.
[2016.10.25-09.02.29:326][  0]LogContentBrowser: Native class hierarchy updated for 'WidgetCarousel' in 0.0003 seconds. Added 0 classes and 0 folders.
[2016.10.25-09.02.29:378][  0]LogContentBrowser: Native class hierarchy updated for 'AddContentDialog' in 0.0004 seconds. Added 0 classes and 0 folders.
[2016.10.25-09.02.29:382][  0]LogContentBrowser: Native class hierarchy updated for 'SceneOutliner' in 0.0003 seconds. Added 1 classes and 2 folders.
[2016.10.25-09.02.29:389][  0]LogContentBrowser: Native class hierarchy updated for 'WorldBrowser' in 0.0004 seconds. Added 1 classes and 3 folders.
[2016.10.25-09.02.29:430][  0]LogCrashTracker: Crashtracker disabled due to settings.
[2016.10.25-09.02.29:436][  0]LogUObjectGlobals:Warning: 'Class 없음.' 오브젝트를 찾는 데 실패했습니다.
[2016.10.25-09.02.29:459][  0]LogLoad: Full Startup: 5.60 seconds (BP compile: 0.03 seconds)
[2016.10.25-09.02.29:506][  0]LogWindowsTextInputMethodSystem:Display: IME system now activated using TSF (Microsoft 입력기).
[2016.10.25-09.02.29:513][  0]LogOcInput: Can't find Oculus library dev build: is proper Runtime installed? Version: 0.8.0.0
[2016.10.25-09.02.29:817][  0]LogContentStreaming: Texture pool size now 1000 MB
[2016.10.25-09.02.29:953][  0]LogRenderer: Reallocating scene render targets to support 864x432 (Frame:2).
[2016.10.25-09.02.30:225][  3]LogAssetRegistry: Asset discovery search completed in 3.0071 seconds
[2016.10.25-09.02.30:225][  3]LogCollectionManager: Rebuilt the object cache for 0 collections in 0.000000 seconds (found 0 objects)
[2016.10.25-09.02.30:225][  3]LogCollectionManager: Fixed up redirectors for 0 collections in 0.000015 seconds (updated 0 objects)
[2016.10.25-09.02.35:198][294]LogAIModule: Creating AISystem for world Test_Player_Movement
[2016.10.25-09.02.35:220][294]Cmd: MAP LOAD FILE="../../../../../../Documents/Unreal Projects/PaperNinja/Content/Map/Test/Test_Player_Movement.umap" TEMPLATE=0 SHOWPROGRESS=1 FEATURELEVEL=3
[2016.10.25-09.02.35:220][294]LightingResults: New page: 라이팅 빌드
[2016.10.25-09.02.35:239][294]LoadErrors: New page: 맵 로드중: Test_Player_Movement.umap
[2016.10.25-09.02.35:240][294]MapCheck: New page: 맵 체크
[2016.10.25-09.02.35:240][294]LightingResults: New page: 라이팅 빌드
[2016.10.25-09.02.35:250][294]LogParticles: Destroying 0 GPU particle simulations for FXSystem 0x000001333581E200
[2016.10.25-09.02.35:283][294]LogEditorServer: Finished looking for orphan Actors (0.000 secs)
[2016.10.25-09.02.35:306][294]Cmd: MAP CHECKDEP NOCLEARLOG
[2016.10.25-09.02.35:374][294]MapCheck: 정보 맵 체크 완료: 오류 0 회, 경고 0 회, 소요 시간 68.241ms.
[2016.10.25-09.02.35:374][294]LogFileHelpers: Loading map 'Test_Player_Movement' took 0.155
[2016.10.25-09.02.41:387][647]LogLinker:Warning: Asset '../../../Engine/Content/ArtTools/RenderToTexture/Macros/RenderToTextureMacros.uasset' has been saved with empty engine version. The asset will be loaded but may be incompatible.
[2016.10.25-09.02.41:879][647]LogContentBrowser: Native class hierarchy updated for 'BlueprintGraph' in 0.0006 seconds. Added 107 classes and 0 folders.
[2016.10.25-09.05.56:836][884]LogActorComponent: UnregisterComponent: (/Engine/Transient.CharMoveComp) Not registered. Aborting.
[2016.10.25-09.05.56:917][884]Cmd: OBJ SAVEPACKAGE PACKAGE="/Game/Blueprints/PNPlayerPawn" FILE="../../../../../../Documents/Unreal Projects/PaperNinja/Content/Blueprints/PNPlayerPawn.uasset" SILENT=true
[2016.10.25-09.05.56:976][884]LogSavePackage: Save=47.121742ms
[2016.10.25-09.05.56:976][884]LogSavePackage: Moving '../../../../../../Documents/Unreal Projects/PaperNinja/Saved/PNPlayerPawn2326318A4F4B86B48645929A62E7F12F.tmp' to '../../../../../../Documents/Unreal Projects/PaperNinja/Content/Blueprints/PNPlayerPawn.uasset'
[2016.10.25-09.05.56:979][884]LogSavePackage: Total save time: 60.122818ms
[2016.10.25-09.05.56:979][884]LogSavePackage:Display: Finished SavePackage ../../../../../../Documents/Unreal Projects/PaperNinja/Content/Blueprints/PNPlayerPawn.uasset
[2016.10.25-09.05.59:363][ 26]BlueprintLog: New page: PNPlayerPawn 컴파일
[2016.10.25-09.05.59:405][ 26]LogActorComponent: UnregisterComponent: (/Engine/Transient.CharMoveComp) Not registered. Aborting.
[2016.10.25-09.05.59:431][ 26]BlueprintEditorCompileResults: 정보 [0215.57] PNPlayerPawn 컴파일에 성공했습니다! [소요시간 68 ms]
[2016.10.25-09.06.01:734][162]LogPlayLevel: PlayLevel: No blueprints needed recompiling
[2016.10.25-09.06.01:735][162]PIE: New page: PIE 세션: Test_Player_Movement (2016. 10. 26. 오전 3:06:01)
[2016.10.25-09.06.01:735][162]LogPlayLevel: Creating play world package: /Game/Map/Test/UEDPIE_0_Test_Player_Movement
[2016.10.25-09.06.01:740][162]LogPlayLevel: PIE: StaticDuplicateObject took: (0.004994s)
[2016.10.25-09.06.01:741][162]LogAIModule: Creating AISystem for world Test_Player_Movement
[2016.10.25-09.06.01:741][162]LogPlayLevel: PIE: World Init took: (0.001153s)
[2016.10.25-09.06.01:741][162]LogPlayLevel: PIE: Created PIE world by copying editor world from /Game/Map/Test/Test_Player_Movement.Test_Player_Movement to /Game/Map/Test/UEDPIE_0_Test_Player_Movement.Test_Player_Movement (0.006635s)
[2016.10.25-09.06.01:741][162]LogActorComponent: UnregisterComponent: (/Engine/Transient.CharMoveComp) Not registered. Aborting.
[2016.10.25-09.06.01:774][162]LogInit: XAudio2 using '스피커(Realtek High Definition Audio)' : 2 channels at 48 kHz using 32 bits per sample (channel mask 0x3)
[2016.10.25-09.06.01:805][162]LogInit: FAudioDevice initialized.
[2016.10.25-09.06.01:871][162]LogWorld: Game class is 'PNGameMode_C'
[2016.10.25-09.06.01:875][162]LogWorld: Bringing World /Game/Map/Test/UEDPIE_0_Test_Player_Movement.Test_Player_Movement up for play (max tick rate 60) at 2016.10.25-18.06.01
[2016.10.25-09.06.01:875][162]LogActor:Warning: GameSession /Game/Map/Test/UEDPIE_0_Test_Player_Movement.Test_Player_Movement:PersistentLevel.GameSession_0 has natively added scene component(s), but none of them were set as the actor's RootComponent - picking one arbitrarily
[2016.10.25-09.06.01:875][162]LogActor:Warning: GameNetworkManager /Game/Map/Test/UEDPIE_0_Test_Player_Movement.Test_Player_Movement:PersistentLevel.GameNetworkManager_0 has natively added scene component(s), but none of them were set as the actor's RootComponent - picking one arbitrarily
[2016.10.25-09.06.01:876][162]LogWorld: Bringing up level for play took: 0.002088
[2016.10.25-09.06.01:878][162]PIE: 정보 /Game/Map/Test/UEDPIE_0_Test_Player_Movement 에 대한 에디터에서 플레이 시작 시간: 0.835
[2016.10.25-09.10.44:649][526]LogParticles: Destroying 0 GPU particle simulations for FXSystem 0x0000013372E811C0
[2016.10.25-09.11.09:202][914]LogParticles: Destroying 0 GPU particle simulations for FXSystem 0x000001334F75A2A0
[2016.10.25-09.11.10:849][914]LogWindowsTextInputMethodSystem:Display: IME system now activated using TSF (Microsoft 입력기).
[2016.10.25-09.11.11:067][915]Cmd: QUIT_EDITOR
[2016.10.25-09.11.11:595][915]LogExit: Preparing to exit.
[2016.10.25-09.11.12:377][915]LogExit: Editor shut down
[2016.10.25-09.11.12:377][915]LogExit: Transaction tracking system shut down
[2016.10.25-09.11.12:379][915]LogParticles: Destroying 0 GPU particle simulations for FXSystem 0x0000013333B379C0
[2016.10.25-09.11.12:379][915]LogParticles: Destroying 0 GPU particle simulations for FXSystem 0x000001334F797880
[2016.10.25-09.11.12:379][915]LogParticles: Destroying 0 GPU particle simulations for FXSystem 0x000001334FD1FB00
[2016.10.25-09.11.12:380][915]LogParticles: Destroying 0 GPU particle simulations for FXSystem 0x000001334F76FA60
[2016.10.25-09.11.12:540][915]LogExit: Object subsystem successfully closed.
[2016.10.25-09.11.12:555][915]LogD3D11RHI: Shutdown
[2016.10.25-09.11.12:555][915]LogD3D11RHI: CleanupD3DDevice
[2016.10.25-09.11.12:617][915]LogD3D11RHI: ~FD3D11DynamicRHI
[2016.10.25-09.11.12:630][915]LogModuleManager: Shutting down and abandoning module CookingStats (201)
[2016.10.25-09.11.12:630][915]LogModuleManager: Shutting down and abandoning module BlueprintGraph (200)
[2016.10.25-09.11.12:630][915]LogModuleManager: Shutting down and abandoning module CrashTracker (199)
[2016.10.25-09.11.12:630][915]LogModuleManager: Shutting down and abandoning module WorldBrowser (198)
[2016.10.25-09.11.12:630][915]LogModuleManager: Shutting down and abandoning module SceneOutliner (197)
[2016.10.25-09.11.12:630][915]LogModuleManager: Shutting down and abandoning module SuperSearch (196)
[2016.10.25-09.11.12:630][915]LogModuleManager: Shutting down and abandoning module WidgetCarousel (195)
[2016.10.25-09.11.12:630][915]LogModuleManager: Shutting down and abandoning module AddContentDialog (194)
[2016.10.25-09.11.12:631][915]LogModuleManager: Shutting down and abandoning module EditorWidgets (193)
[2016.10.25-09.11.12:631][915]LogModuleManager: Shutting down and abandoning module CollectionManager (192)
[2016.10.25-09.11.12:631][915]LogModuleManager: Shutting down and abandoning module StatsViewer (191)
[2016.10.25-09.11.12:631][915]LogModuleManager: Shutting down and abandoning module FoliageEdit (190)
[2016.10.25-09.11.12:631][915]LogModuleManager: Shutting down and abandoning module LandscapeEditor (189)
[2016.10.25-09.11.12:632][915]LogModuleManager: Shutting down and abandoning module ActorPickerMode (188)
[2016.10.25-09.11.12:632][915]LogModuleManager: Shutting down and abandoning module GeometryMode (187)
[2016.10.25-09.11.12:632][915]LogModuleManager: Shutting down and abandoning module TextureAlignMode (186)
[2016.10.25-09.11.12:632][915]LogModuleManager: Shutting down and abandoning module BspMode (185)
[2016.10.25-09.11.12:632][915]LogModuleManager: Shutting down and abandoning module PlacementMode (184)
[2016.10.25-09.11.12:632][915]LogModuleManager: Shutting down and abandoning module AutomationWorker (183)
[2016.10.25-09.11.12:632][915]LogModuleManager: Shutting down and abandoning module CharacterAI (182)
[2016.10.25-09.11.12:632][915]LogModuleManager: Shutting down and abandoning module SmartSnapping (181)
[2016.10.25-09.11.12:632][915]LogModuleManager: Shutting down and abandoning module ViewportSnapping (180)
[2016.10.25-09.11.12:632][915]LogModuleManager: Shutting down and abandoning module LogVisualizer (179)
[2016.10.25-09.11.12:632][915]LogModuleManager: Shutting down and abandoning module GameProjectGeneration (178)
[2016.10.25-09.11.12:632][915]LogModuleManager: Shutting down and abandoning module IntroTutorials (177)
[2016.10.25-09.11.12:632][915]LogModuleManager: Shutting down and abandoning module EditorLiveStreaming (176)
[2016.10.25-09.11.12:632][915]LogModuleManager: Shutting down and abandoning module IOSPlatformEditor (175)
[2016.10.25-09.11.12:632][915]LogModuleManager: Shutting down and abandoning module HTML5PlatformEditor (174)
[2016.10.25-09.11.12:632][915]LogModuleManager: Shutting down and abandoning module AndroidDeviceDetection (173)
[2016.10.25-09.11.13:283][915]LogModuleManager: Shutting down and abandoning module AndroidPlatformEditor (172)
[2016.10.25-09.11.13:283][915]LogModuleManager: Shutting down and abandoning module IOSRuntimeSettings (171)
[2016.10.25-09.11.13:283][915]LogModuleManager: Shutting down and abandoning module AndroidRuntimeSettings (170)
[2016.10.25-09.11.13:283][915]LogModuleManager: Shutting down and abandoning module MergeActors (169)
[2016.10.25-09.11.13:283][915]LogModuleManager: Shutting down and abandoning module SizeMap (168)
[2016.10.25-09.11.13:283][915]LogModuleManager: Shutting down and abandoning module TreeMap (167)
[2016.10.25-09.11.13:283][915]LogModuleManager: Shutting down and abandoning module ReferenceViewer (166)
[2016.10.25-09.11.13:283][915]LogModuleManager: Shutting down and abandoning module LocalizationService (165)
[2016.10.25-09.11.13:283][915]LogModuleManager: Shutting down and abandoning module LocalizationDashboard (164)
[2016.10.25-09.11.13:283][915]LogModuleManager: Shutting down and abandoning module HardwareTargeting (163)
[2016.10.25-09.11.13:283][915]LogModuleManager: Shutting down and abandoning module DeviceProfileEditor (162)
[2016.10.25-09.11.13:283][915]LogModuleManager: Shutting down and abandoning module UndoHistory (161)
[2016.10.25-09.11.13:283][915]LogModuleManager: Shutting down and abandoning module GameplayTagsEditor (160)
[2016.10.25-09.11.13:283][915]LogModuleManager: Shutting down and abandoning module UserFeedback (159)
[2016.10.25-09.11.13:283][915]LogModuleManager: Shutting down and abandoning module XmlParser (158)
[2016.10.25-09.11.13:283][915]LogModuleManager: Shutting down and abandoning module Blutility (157)
[2016.10.25-09.11.13:283][915]LogModuleManager: Shutting down and abandoning module ProjectTargetPlatformEditor (156)
[2016.10.25-09.11.13:283][915]LogModuleManager: Shutting down and abandoning module ProjectSettingsViewer (155)
[2016.10.25-09.11.13:283][915]LogModuleManager: Shutting down and abandoning module InputBindingEditor (154)
[2016.10.25-09.11.13:283][915]LogModuleManager: Shutting down and abandoning module EditorSettingsViewer (153)
[2016.10.25-09.11.13:283][915]LogModuleManager: Shutting down and abandoning module SettingsEditor (152)
[2016.10.25-09.11.13:283][915]LogModuleManager: Shutting down and abandoning module ProjectLauncher (151)
[2016.10.25-09.11.13:283][915]LogModuleManager: Shutting down and abandoning module SessionFrontend (150)
[2016.10.25-09.11.13:283][915]LogModuleManager: Shutting down and abandoning module ProfilerClient (149)
[2016.10.25-09.11.13:283][915]LogModuleManager: Shutting down and abandoning module TargetDeviceServices (148)
[2016.10.25-09.11.13:284][915]LogModuleManager: Shutting down and abandoning module DeviceManager (147)
[2016.10.25-09.11.13:284][915]LogModuleManager: Shutting down and abandoning module AutomationController (146)
[2016.10.25-09.11.13:284][915]LogModuleManager: Shutting down and abandoning module AutomationWindow (145)
[2016.10.25-09.11.13:284][915]LogModuleManager: Shutting down and abandoning module Layers (144)
[2016.10.25-09.11.13:284][915]LogModuleManager: Shutting down and abandoning module ComponentVisualizers (143)
[2016.10.25-09.11.13:284][915]LogModuleManager: Shutting down and abandoning module DetailCustomizations (142)
[2016.10.25-09.11.13:284][915]LogModuleManager: Shutting down and abandoning module PackagesDialog (141)
[2016.10.25-09.11.13:284][915]LogModuleManager: Shutting down and abandoning module Persona (140)
[2016.10.25-09.11.13:284][915]LogModuleManager: Shutting down and abandoning module Kismet (139)
[2016.10.25-09.11.13:284][915]LogModuleManager: Shutting down and abandoning module GraphEditor (138)
[2016.10.25-09.11.13:284][915]LogModuleManager: Shutting down and abandoning module ClassViewer (137)
[2016.10.25-09.11.13:284][915]LogModuleManager: Shutting down and abandoning module Toolbox (136)
[2016.10.25-09.11.13:284][915]LogModuleManager: Shutting down and abandoning module ModuleUI (135)
[2016.10.25-09.11.13:284][915]LogModuleManager: Shutting down and abandoning module MovieSceneTools (134)
[2016.10.25-09.11.13:284][915]LogModuleManager: Shutting down and abandoning module OutputLog (133)
[2016.10.25-09.11.13:284][915]LogModuleManager: Shutting down and abandoning module GammaUI (132)
[2016.10.25-09.11.13:284][915]LogModuleManager: Shutting down and abandoning module Documentation (131)
[2016.10.25-09.11.13:284][915]LogModuleManager: Shutting down and abandoning module GameLiveStreaming (130)
[2016.10.25-09.11.13:284][915]LogModuleManager: Shutting down and abandoning module StreamingPauseRendering (129)
[2016.10.25-09.11.13:284][915]LogModuleManager: Shutting down and abandoning module AnalyticsET (128)
[2016.10.25-09.11.13:284][915]LogModuleManager: Shutting down and abandoning module Analytics (127)
[2016.10.25-09.11.13:284][915]LogModuleManager: Shutting down and abandoning module AITestSuite (126)
[2016.10.25-09.11.13:284][915]LogModuleManager: Shutting down and abandoning module GameplayDebugger (125)
[2016.10.25-09.11.13:284][915]LogModuleManager: Shutting down and abandoning module AIModule (124)
[2016.10.25-09.11.13:284][915]LogModuleManager: Shutting down and abandoning module ProfilerService (123)
[2016.10.25-09.11.13:502][915]LogModuleManager: Shutting down and abandoning module TaskGraph (122)
[2016.10.25-09.11.13:502][915]LogModuleManager: Shutting down and abandoning module SlateRemote (121)
[2016.10.25-09.11.13:502][915]LogModuleManager: Shutting down and abandoning module SteamVRController (120)
[2016.10.25-09.11.13:502][915]LogModuleManager: Shutting down and abandoning module SteamVR (119)
[2016.10.25-09.11.13:502][915]LogModuleManager: Shutting down and abandoning module ProceduralMeshComponent (118)
[2016.10.25-09.11.13:502][915]LogModuleManager: Shutting down and abandoning module OculusLibrary (117)
[2016.10.25-09.11.13:502][915]LogModuleManager: Shutting down and abandoning module OculusInput (116)
[2016.10.25-09.11.13:502][915]LogModuleManager: Shutting down and abandoning module LeapMotionController (115)
[2016.10.25-09.11.13:520][915]LogModuleManager: Shutting down and abandoning module CustomMeshComponent (114)
[2016.10.25-09.11.13:520][915]LogModuleManager: Shutting down and abandoning module CableComponent (113)
[2016.10.25-09.11.13:520][915]LogModuleManager: Shutting down and abandoning module ArchVisCharacter (112)
[2016.10.25-09.11.13:520][915]LogModuleManager: Shutting down and abandoning module MessagingDebugger (111)
[2016.10.25-09.11.13:520][915]LogModuleManager: Shutting down and abandoning module MediaPlayerEditor (110)
[2016.10.25-09.11.13:521][915]LogModuleManager: Shutting down and abandoning module HTML5Networking (109)
[2016.10.25-09.11.13:521][915]LogModuleManager: Shutting down and abandoning module SpeedTreeImporter (108)
[2016.10.25-09.11.13:521][915]LogModuleManager: Shutting down and abandoning module PluginBrowser (107)
[2016.10.25-09.11.13:521][915]LogModuleManager: Shutting down and abandoning module EpicSurvey (106)
[2016.10.25-09.11.13:521][915]LogModuleManager: Shutting down and abandoning module DesktopPlatform (105)
[2016.10.25-09.11.13:521][915]LogModuleManager: Shutting down and abandoning module VisualStudioSourceCodeAccess (104)
[2016.10.25-09.11.13:521][915]LogModuleManager: Shutting down and abandoning module UObjectPlugin (103)
[2016.10.25-09.11.13:521][915]LogModuleManager: Shutting down and abandoning module SubversionSourceControl (102)
[2016.10.25-09.11.13:521][915]LogModuleManager: Shutting down and abandoning module PerforceSourceControl (101)
[2016.10.25-09.11.13:521][915]LogModuleManager: Shutting down and abandoning module SourceControl (100)
[2016.10.25-09.11.13:521][915]LogModuleManager: Shutting down and abandoning module GitSourceControl (99)
[2016.10.25-09.11.13:521][915]LogModuleManager: Shutting down and abandoning module LightPropagationVolumeEditor (98)
[2016.10.25-09.11.13:521][915]LogModuleManager: Shutting down and abandoning module PaperTiledImporter (97)
[2016.10.25-09.11.13:521][915]LogModuleManager: Shutting down and abandoning module PaperSpriteSheetImporter (96)
[2016.10.25-09.11.13:521][915]LogModuleManager: Shutting down and abandoning module MeshPaint (95)
[2016.10.25-09.11.13:521][915]LogModuleManager: Shutting down and abandoning module SlateReflector (94)
[2016.10.25-09.11.13:521][915]LogModuleManager: Shutting down and abandoning module HotReload (93)
[2016.10.25-09.11.13:521][915]LogModuleManager: Shutting down and abandoning module MainFrame (92)
[2016.10.25-09.11.13:521][915]LogModuleManager: Shutting down and abandoning module LevelEditor (91)
[2016.10.25-09.11.13:522][915]LogModuleManager: Shutting down and abandoning module DirectoryWatcher (90)
[2016.10.25-09.11.13:522][915]LogModuleManager: Shutting down and abandoning module AssetRegistry (89)
[2016.10.25-09.11.13:624][915]LogModuleManager: Shutting down and abandoning module ContentBrowser (88)
[2016.10.25-09.11.13:624][915]LogModuleManager: Shutting down and abandoning module Paper2DEditor (87)
[2016.10.25-09.11.13:624][915]LogModuleManager: Shutting down and abandoning module UdpMessaging (86)
[2016.10.25-09.11.13:725][915]LogModuleManager: Shutting down and abandoning module LightPropagationVolumeRuntime (85)
[2016.10.25-09.11.13:725][915]LogModuleManager: Shutting down and abandoning module Paper2D (84)
[2016.10.25-09.11.13:725][915]LogModuleManager: Shutting down and abandoning module WindowsMoviePlayer (83)
[2016.10.25-09.11.13:731][915]LogModuleManager: Shutting down and abandoning module Media (82)
[2016.10.25-09.11.13:731][915]LogModuleManager: Shutting down and abandoning module WmfMedia (81)
[2016.10.25-09.11.13:732][915]LogModuleManager: Shutting down and abandoning module OnlineBlueprintSupport (80)
[2016.10.25-09.11.13:732][915]LogModuleManager: Shutting down and abandoning module GameplayTasksEditor (79)
[2016.10.25-09.11.13:732][915]LogModuleManager: Shutting down and abandoning module PropertyEditor (78)
[2016.10.25-09.11.13:732][915]LogModuleManager: Shutting down and abandoning module BehaviorTreeEditor (77)
[2016.10.25-09.11.13:732][915]LogModuleManager: Shutting down and abandoning module FunctionalTesting (76)
[2016.10.25-09.11.13:732][915]LogModuleManager: Shutting down and abandoning module CollisionAnalyzer (75)
[2016.10.25-09.11.13:732][915]LogModuleManager: Shutting down and abandoning module WorkspaceMenuStructure (74)
[2016.10.25-09.11.13:732][915]LogModuleManager: Shutting down and abandoning module MessageLog (73)
[2016.10.25-09.11.13:732][915]LogModuleManager: Shutting down and abandoning module Sequencer (72)
[2016.10.25-09.11.13:732][915]LogModuleManager: Shutting down and abandoning module AssetTools (71)
[2016.10.25-09.11.13:733][915]LogModuleManager: Shutting down and abandoning module UMGEditor (70)
[2016.10.25-09.11.13:733][915]LogModuleManager: Shutting down and abandoning module UMG (69)
[2016.10.25-09.11.13:733][915]LogModuleManager: Shutting down and abandoning module Slate (68)
[2016.10.25-09.11.13:733][915]LogModuleManager: Shutting down and abandoning module EditorStyle (67)
[2016.10.25-09.11.13:737][915]LogModuleManager: Shutting down and abandoning module SessionServices (66)
[2016.10.25-09.11.13:737][915]LogModuleManager: Shutting down and abandoning module SourceCodeAccess (65)
[2016.10.25-09.11.13:737][915]LogModuleManager: Shutting down and abandoning module HeadMountedDisplay (64)
[2016.10.25-09.11.13:737][915]LogModuleManager: Shutting down and abandoning module XAudio2 (63)
[2016.10.25-09.11.13:737][915]LogModuleManager: Shutting down and abandoning module Networking (61)
[2016.10.25-09.11.13:737][915]LogModuleManager: Shutting down and abandoning module Core (60)
[2016.10.25-09.11.13:737][915]LogModuleManager: Shutting down and abandoning module KismetCompiler (59)
[2016.10.25-09.11.13:737][915]LogModuleManager: Shutting down and abandoning module PhysXFormats (58)
[2016.10.25-09.11.13:737][915]LogModuleManager: Shutting down and abandoning module MeshUtilities (57)
[2016.10.25-09.11.13:737][915]LogModuleManager: Shutting down and abandoning module DerivedDataCache (56)
[2016.10.25-09.11.13:775][915]LogDerivedDataCache: Shutdown
[2016.10.25-09.11.13:775][915]LogModuleManager: Shutting down and abandoning module ShaderFormatOpenGL (55)
[2016.10.25-09.11.13:775][915]LogModuleManager: Shutting down and abandoning module ShaderFormatD3D (54)
[2016.10.25-09.11.13:775][915]LogModuleManager: Shutting down and abandoning module MetalShaderFormat (53)
[2016.10.25-09.11.13:775][915]LogModuleManager: Shutting down and abandoning module TextureFormatUncompressed (52)
[2016.10.25-09.11.13:775][915]LogModuleManager: Shutting down and abandoning module TextureFormatPVR (51)
[2016.10.25-09.11.13:775][915]LogModuleManager: Shutting down and abandoning module TextureFormatIntelISPCTexComp (50)
[2016.10.25-09.11.13:775][915]LogModuleManager: Shutting down and abandoning module TextureFormatDXT (49)
[2016.10.25-09.11.13:775][915]LogModuleManager: Shutting down and abandoning module ImageWrapper (48)
[2016.10.25-09.11.13:775][915]LogModuleManager: Shutting down and abandoning module TextureFormatASTC (47)
[2016.10.25-09.11.13:775][915]LogModuleManager: Shutting down and abandoning module TextureFormatAndroid (46)
[2016.10.25-09.11.13:775][915]LogModuleManager: Shutting down and abandoning module AudioFormatOpus (45)
[2016.10.25-09.11.13:775][915]LogModuleManager: Shutting down and abandoning module AudioFormatOgg (44)
[2016.10.25-09.11.13:775][915]LogModuleManager: Shutting down and abandoning module AudioFormatADPCM (43)
[2016.10.25-09.11.13:775][915]LogModuleManager: Shutting down and abandoning module LinuxTargetPlatform (42)
[2016.10.25-09.11.13:775][915]LogModuleManager: Shutting down and abandoning module LinuxServerTargetPlatform (41)
[2016.10.25-09.11.13:776][915]LogModuleManager: Shutting down and abandoning module LinuxNoEditorTargetPlatform (40)
[2016.10.25-09.11.13:776][915]LogModuleManager: Shutting down and abandoning module Messaging (39)
[2016.10.25-09.11.13:776][915]LogModuleManager: Shutting down and abandoning module IOSTargetPlatform (38)
[2016.10.25-09.11.13:776][915]LogModuleManager: Shutting down and abandoning module HTML5Targ