[2017.04.05-09.24.14:886][  0]Log file open, 04/05/17 18:24:14
[2017.04.05-09.24.14:886][  0]LogInit:Display: Running engine for game: PaperNinja
[2017.04.05-09.24.14:886][  0]LogPlatformFile: Not using cached read wrapper
[2017.04.05-09.24.14:886][  0]LogInit:Display: RandInit(-1209229794) SRandInit(-1209229794).
[2017.04.05-09.24.14:886][  0]LogTaskGraph: Started task graph with 4 named threads and 7 total threads.
[2017.04.05-09.24.14:886][  0]LogStats: Stats thread started at 0.082581
[2017.04.05-09.24.14:886][  0]LogInit: Version: 4.10.4-2872498+++depot+UE4-Releases+4.10
[2017.04.05-09.24.14:886][  0]LogInit: API Version: 2758231
[2017.04.05-09.24.14:886][  0]LogInit: Compiled (64-bit): Feb 18 2016 15:47:04
[2017.04.05-09.24.14:886][  0]LogInit: Compiled with Visual C++: 19.00.23026.00
[2017.04.05-09.24.14:886][  0]LogInit: Build Configuration: Development
[2017.04.05-09.24.14:886][  0]LogInit: Branch Name: ++depot+UE4-Releases+4.10
[2017.04.05-09.24.14:886][  0]LogInit: Command line: -EpicPortal 
[2017.04.05-09.24.14:886][  0]LogInit: Base directory: F:/Program Files (x86)/UE_4.10/Engine/Binaries/Win64/
[2017.04.05-09.24.14:886][  0]LogInit: Rocket: 1
[2017.04.05-09.24.14:907][  0]LogInit: Using libcurl 7.41.0
[2017.04.05-09.24.14:907][  0]LogInit:  - built for x86_64-pc-win32
[2017.04.05-09.24.14:907][  0]LogInit:  - supports SSL with WinSSL
[2017.04.05-09.24.14:907][  0]LogInit:  - other features:
[2017.04.05-09.24.14:907][  0]LogInit:      CURL_VERSION_SSL
[2017.04.05-09.24.14:907][  0]LogInit:      CURL_VERSION_IPV6
[2017.04.05-09.24.14:907][  0]LogInit:      CURL_VERSION_ASYNCHDNS
[2017.04.05-09.24.14:907][  0]LogInit:      CURL_VERSION_LARGEFILE
[2017.04.05-09.24.14:907][  0]LogInit:      CURL_VERSION_IDN
[2017.04.05-09.24.14:907][  0]LogInit:  CurlRequestOptions (configurable via config and command line):
[2017.04.05-09.24.14:907][  0]LogInit:  - bVerifyPeer = true  - Libcurl will verify peer certificate
[2017.04.05-09.24.14:907][  0]LogInit:  - bUseHttpProxy = false  - Libcurl will NOT use HTTP proxy
[2017.04.05-09.24.14:907][  0]LogInit:  - bDontReuseConnections = false  - Libcurl will reuse connections
[2017.04.05-09.24.14:907][  0]LogInit:  - CertBundlePath = nullptr  - Libcurl will use whatever was configured at build time.
[2017.04.05-09.24.14:926][  0]LogInit: Presizing for 0 objects not considered by GC, pre-allocating 0 bytes.
[2017.04.05-09.24.14:932][  0]LogInit: Object subsystem initialized
[2017.04.05-09.24.14:933][  0]LogInit: Selected Device Profile: [Windows]
[2017.04.05-09.24.14:933][  0]LogInit: Applying CVar settings loaded from the selected device profile: [Windows]
[2017.04.05-09.24.14:943][  0]LogInit: Computer: NAVER-PC
[2017.04.05-09.24.14:943][  0]LogInit: User: Naver
[2017.04.05-09.24.14:943][  0]LogInit: CPU Page size=4096, Cores=4
[2017.04.05-09.24.14:943][  0]LogInit: High frequency timer resolution =3.117812 MHz
[2017.04.05-09.24.14:943][  0]LogMemory: Memory total: Physical=31.9GB (32GB approx)
[2017.04.05-09.24.14:943][  0]LogMemory: Platform Memory Stats for Windows
[2017.04.05-09.24.14:943][  0]LogMemory: Process Physical Memory: 57.99 MB used, 57.99 MB peak
[2017.04.05-09.24.14:943][  0]LogMemory: Process Virtual Memory: 57.49 MB used, 57.49 MB peak
[2017.04.05-09.24.14:943][  0]LogMemory: Physical Memory: 6397.80 MB used, 32708.51 MB total
[2017.04.05-09.24.14:943][  0]LogMemory: Virtual Memory: 353.89 MB used, 8388608.00 MB total
[2017.04.05-09.24.15:088][  0]LogTextLocalizationManager: No specific translations for ('ko-KR') exist, so ('ko') translations will be used.
[2017.04.05-09.24.15:142][  0]LogTextLocalizationManager:Warning: Loaded localization resources contain conflicting entries for (Namespace:UObjectToolTips, Key:AnimNode_AssetPlayerBase:InternalTimeAccumulator):
Localization Resource: (F:/Program Files (x86)/UE_4.10/Engine/Content/Localization/EditorTutorials/ko/EditorTutorials.locres) Source String Hash: (502993589) Localized String: (이 노드에서 애셋을 레퍼런싱하는 데 사용되는 누적 시간입니다.)
Localization Resource: (F:/Program Files (x86)/UE_4.10/Engine/Content/Localization/Engine/ko/Engine.locres) Source String Hash: (502993589) Localized String: (이 노드에서 애셋을 레퍼런싱하는 데 사용된 누적 시간입니다.)
[2017.04.05-09.24.15:143][  0]LogTextLocalizationManager:Warning: Loaded localization resources contain conflicting entries for (Namespace:UObjectToolTips, Key:AnimNode_AssetPlayerBase:bIgnoreForRelevancyTest):
Localization Resource: (F:/Program Files (x86)/UE_4.10/Engine/Content/Localization/EditorTutorials/ko/EditorTutorials.locres) Source String Hash: (319969718) Localized String: (True 면, 스테이트에서 최고 가중치 애니메이션을 찾는 "Relevant anim" 노드는 이 노드를 무시합니다.
 )
Localization Resource: (F:/Program Files (x86)/UE_4.10/Engine/Content/Localization/Engine/ko/Engine.locres) Source String Hash: (319969718) Localized String: (True 면 스테이트 내 최고 웨이팅된 애니메이션을 찾는 "Relevant anim" 노드가 무시됩니다.
 )
[2017.04.05-09.24.15:143][  0]LogTextLocalizationManager:Warning: Loaded localization resources contain conflicting entries for (Namespace:UObjectToolTips, Key:AnimNode_AssetPlayerBase:BlendWeight):
Localization Resource: (F:/Program Files (x86)/UE_4.10/Engine/Content/Localization/EditorTutorials/ko/EditorTutorials.locres) Source String Hash: (-1232800293) Localized String: (이 노드에 마지막 걸린 블렌드웨이트 입니다.)
Localization Resource: (F:/Program Files (x86)/UE_4.10/Engine/Content/Localization/Engine/ko/Engine.locres) Source String Hash: (-1232800293) Localized String: (이 노드에 대해 마지막 접한 블렌드 웨이트)
[2017.04.05-09.24.15:432][  0]LogD3D11RHI: Found D3D11 adapter 0: NVIDIA GeForce GT 755M (Feature Level 11_0)
[2017.04.05-09.24.15:432][  0]LogD3D11RHI: Adapter has 971MB of dedicated video memory, 0MB of dedicated system memory, and 3072MB of shared system memory, 2 output[s]
[2017.04.05-09.24.15:432][  0]LogD3D11RHI: Chosen D3D11 Adapter Id = 0
[2017.04.05-09.24.15:440][  0]LogD3D11RHI: !Direct3DDevice
[2017.04.05-09.24.15:441][  0]LogRHI: Texture pool is 680 MB (70% of 971 MB)
[2017.04.05-09.24.15:512][  0]LogD3D11RHI: Async texture creation enabled
[2017.04.05-09.24.15:521][  0]LogShaderCompilers: Guid format shader working directory is -2 characters bigger than the processId version (../../../../../Study/unreal4104.study/PaperNinja/Intermediate/Shaders/WorkingDirectory/4576/).
[2017.04.05-09.24.15:521][  0]LogShaderCompilers: Cleaned the shader compiler working directory 'C:/Users/Naver/AppData/Local/Temp/UnrealShaderWorkingDir/EDFA8A5D45CEF4228555F4A69AD7AE74/'.
[2017.04.05-09.24.15:521][  0]LogShaderCompilers:Display: Using Local Shader Compiler.
[2017.04.05-09.24.17:034][  0]LogTemp:Display: Loaded TP AllDesktopTargetPlatform
[2017.04.05-09.24.17:039][  0]LogTemp:Display: Loaded TP WindowsClientTargetPlatform
[2017.04.05-09.24.17:044][  0]LogTemp:Display: Loaded TP WindowsNoEditorTargetPlatform
[2017.04.05-09.24.17:049][  0]LogTemp:Display: Loaded TP WindowsServerTargetPlatform
[2017.04.05-09.24.17:054][  0]LogTemp:Display: Loaded TP WindowsTargetPlatform
[2017.04.05-09.24.17:058][  0]LogTemp:Display: Loaded TP Android_ASTCTargetPlatform
[2017.04.05-09.24.17:063][  0]LogTemp:Display: Loaded TP Android_ATCTargetPlatform
[2017.04.05-09.24.17:067][  0]LogTemp:Display: Loaded TP Android_DXTTargetPlatform
[2017.04.05-09.24.17:071][  0]LogTemp:Display: Loaded TP Android_ETC1TargetPlatform
[2017.04.05-09.24.17:075][  0]LogTemp:Display: Loaded TP Android_ETC2TargetPlatform
[2017.04.05-09.24.17:084][  0]LogTemp:Display: Loaded TP Android_MultiTargetPlatform
[2017.04.05-09.24.17:084][  0]LogTemp:Display: Loaded TP Android_PVRTCTargetPlatform
[2017.04.05-09.24.17:090][  0]LogTemp:Display: Loaded TP AndroidTargetPlatform
[2017.04.05-09.24.17:092][  0]LogTemp:Display: Loaded TP HTML5TargetPlatform
[2017.04.05-09.24.17:113][  0]LogTemp:Display: Loaded TP IOSTargetPlatform
[2017.04.05-09.24.17:117][  0]LogTemp:Display: Loaded TP LinuxNoEditorTargetPlatform
[2017.04.05-09.24.17:121][  0]LogTemp:Display: Loaded TP LinuxServerTargetPlatform
[2017.04.05-09.24.17:127][  0]LogTemp:Display: Loaded TP LinuxTargetPlatform
[2017.04.05-09.24.17:127][  0]LogTargetPlatformManager:Display: Building Assets For Windows
[2017.04.05-09.24.17:275][  0]LogDerivedDataCache:Display: Max Cache Size: 512 MB
[2017.04.05-09.24.17:318][  0]LogDerivedDataCache: Loaded boot cache 0.04s 41MB C:/Users/Naver/AppData/Local/UnrealEngine/4.10/DerivedDataCache/Boot.ddc.
[2017.04.05-09.24.17:318][  0]LogDerivedDataCache:Display: Loaded Boot cache: C:/Users/Naver/AppData/Local/UnrealEngine/4.10/DerivedDataCache/Boot.ddc
[2017.04.05-09.24.17:318][  0]LogDerivedDataCache: FDerivedDataBackendGraph:  Pak pak cache file ../../../../../Study/unreal4104.study/PaperNinja/DerivedDataCache/DDC.ddp not found, will not use a pak cache.
[2017.04.05-09.24.17:318][  0]LogDerivedDataCache: Unable to find inner node Pak for hierarchical cache Hierarchy.
[2017.04.05-09.24.17:318][  0]LogDerivedDataCache: FDerivedDataBackendGraph:  CompressedPak pak cache file ../../../../../Study/unreal4104.study/PaperNinja/DerivedDataCache/Compressed.ddp not found, will not use a pak cache.
[2017.04.05-09.24.17:318][  0]LogDerivedDataCache: Unable to find inner node CompressedPak for hierarchical cache Hierarchy.
[2017.04.05-09.24.17:373][  0]LogDerivedDataCache:Display: Pak cache opened for reading ../../../Engine/DerivedDataCache/Compressed.ddp.
[2017.04.05-09.24.17:387][  0]LogDerivedDataCache: Using Local data cache path C:/Users/Naver/AppData/Local/UnrealEngine/Common/DerivedDataCache: Writable
[2017.04.05-09.24.17:642][  0]LogInit: Selected Device Profile: [Windows]
[2017.04.05-09.24.17:643][  0]LogContentStreaming: Texture pool size is 0.000000MB
[2017.04.05-09.24.17:796][  0]LogMeshUtilities: No automatic mesh reduction module available
[2017.04.05-09.24.17:796][  0]LogMeshUtilities: No automatic mesh merging module available
[2017.04.05-09.24.18:251][  0]LogInit: WinSock: version 1.1 (2.2), MaxSocks=32767, MaxUdp=65467
[2017.04.05-09.24.19:785][  0]UdpMessaging: Initializing bridge on interface 0.0.0.0:0 to multicast group 230.0.0.1:6666.
[2017.04.05-09.24.19:960][  0]LogAssetRegistry: FAssetRegistry took 0.0101 seconds to start up
[2017.04.05-09.24.20:562][  0]SourceControl: 정보 소스 콘트롤이 꺼졌습니다.
[2017.04.05-09.24.20:861][  0]SourceControl: 정보 소스 콘트롤이 꺼졌습니다.
[2017.04.05-09.24.20:996][  0]SourceControl: 정보 소스 콘트롤이 꺼졌습니다.
[2017.04.05-09.24.21:020][  0]SourceControl: 정보 소스 콘트롤이 꺼졌습니다.
[2017.04.05-09.24.21:513][  0]LogObj: 28633 objects as part of root set at end of initial load.
[2017.04.05-09.24.21:513][  0]LogUObjectAllocator: 6099752 out of 0 bytes used by permanent object pool.
[2017.04.05-09.24.21:576][  0]LogEngine: Initializing Engine...
[2017.04.05-09.24.21:580][  0]LogHMD: Can't find Oculus library dev build: is proper Runtime installed? Version: 0.8.0.0
[2017.04.05-09.24.21:585][  0]LogHMD: SteamVR failed to initialize.  Err: 110
[2017.04.05-09.24.21:735][  0]LogAIModule: Creating AISystem for world NewWorld
[2017.04.05-09.24.21:812][  0]LogInit: XAudio2 using '스피커(Display Audio)' : 2 channels at 44.1 kHz using 16 bits per sample (channel mask 0x3)
[2017.04.05-09.24.21:919][  0]LogInit: FAudioDevice initialized.
[2017.04.05-09.24.21:949][  0]LogDerivedDataCache: Saved boot cache 0.03s 41MB C:/Users/Naver/AppData/Local/UnrealEngine/4.10/DerivedDataCache/Boot.ddc.
[2017.04.05-09.24.21:952][  0]LogInit: Texture streaming: Enabled
[2017.04.05-09.24.21:958][  0]LogAnalytics: Creating configured Analytics provider AnalyticsET
[2017.04.05-09.24.21:958][  0]LogAnalytics: [UEEditor.Rocket.Release] APIServer = http://et2.epicgames.com/ET2/. AppVersion = 4.10.4-2872498+++depot+UE4-Releases+4.10
[2017.04.05-09.24.21:959][  0]LogAnalytics: [UEEditor.Rocket.Release] SetUserId a4f805fc4f2f3c71dfcb7b8fe1938769|7260c19b5aeb45edafca6b45e10b0fc9|7ea789e9-5de2-4aa3-8e1a-7db3f90068bf
[2017.04.05-09.24.21:959][  0]LogAnalytics: [UEEditor.Rocket.Release] AnalyticsET::StartSession
[2017.04.05-09.24.21:971][  0]LogInit: Transaction tracking system initialized
[2017.04.05-09.24.22:069][  0]BlueprintLog: New page: 에디터 로드
[2017.04.05-09.24.22:334][  0]LocalizationService: 정보 현지화 서비스가 비활성화되었습니다.
[2017.04.05-09.24.22:489][  0]LogConsoleResponse:Display: 
[2017.04.05-09.24.22:634][  0]LogCook:Display: Done creating registry. It took  0.00s.
[2017.04.05-09.24.22:952][  0]LogFileCache: Scanning file cache for directory 'F:/Study/unreal4104.study/PaperNinja/Content/' took 0.03s
[2017.04.05-09.24.22:952][  0]SourceControl: 정보 소스 콘트롤이 꺼졌습니다.
[2017.04.05-09.24.22:952][  0]Cmd: MAP LOAD FILE="../../../../../Study/unreal4104.study/PaperNinja/Content/StarterContent/Maps/Minimal_Default.umap" TEMPLATE=0 SHOWPROGRESS=1 FEATURELEVEL=3
[2017.04.05-09.24.22:954][  0]LightingResults: New page: 라이팅 빌드
[2017.04.05-09.24.22:961][  0]MapCheck: New page: 맵 체크
[2017.04.05-09.24.22:962][  0]LightingResults: New page: 라이팅 빌드
[2017.04.05-09.24.22:973][  0]LogParticles: Destroying 0 GPU particle simulations for FXSystem 0x000000001FA73B00
[2017.04.05-09.24.23:637][  0]LogAIModule: Creating AISystem for world Minimal_Default
[2017.04.05-09.24.23:648][  0]LogEditorServer: Finished looking for orphan Actors (0.000 secs)
[2017.04.05-09.24.23:649][  0]Cmd: MAP CHECKDEP NOCLEARLOG
[2017.04.05-09.24.23:826][  0]MapCheck: 정보 맵 체크 완료: 오류 0 회, 경고 0 회, 소요 시간 177.464ms.
[2017.04.05-09.24.23:826][  0]LogFileHelpers: Loading map 'Minimal_Default' took 0.874
[2017.04.05-09.24.23:999][  0]LogCollectionManager: Loaded 0 collections in 0.004800 seconds
[2017.04.05-09.24.24:057][  0]LogFileCache: Scanning file cache for directory 'F:/Study/unreal4104.study/PaperNinja/Saved/Collections/' took 0.01s
[2017.04.05-09.24.24:057][  0]LogFileCache: Scanning file cache for directory 'F:/Study/unreal4104.study/PaperNinja/Content/Developers/Naver/Collections/' took 0.01s
[2017.04.05-09.24.24:058][  0]LogFileCache: Scanning file cache for directory 'F:/Study/unreal4104.study/PaperNinja/Content/Collections/' took 0.01s
[2017.04.05-09.24.24:058][  0]LogCollectionManager: Rebuilt the GUID cache for 0 collections in 0.000002 seconds
[2017.04.05-09.24.24:066][  0]LogContentBrowser: Native class hierarchy populated in 0.0078 seconds. Added 1893 classes and 338 folders.
[2017.04.05-09.24.24:080][  0]LogContentBrowser: Native class hierarchy updated for 'WidgetCarousel' in 0.0006 seconds. Added 0 classes and 0 folders.
[2017.04.05-09.24.24:407][  0]LogContentBrowser: Native class hierarchy updated for 'AddContentDialog' in 0.0015 seconds. Added 0 classes and 0 folders.
[2017.04.05-09.24.24:421][  0]LogContentBrowser: Native class hierarchy updated for 'SceneOutliner' in 0.0008 seconds. Added 1 classes and 2 folders.
[2017.04.05-09.24.24:448][  0]LogCrashTracker: Crashtracker disabled due to settings.
[2017.04.05-09.24.24:453][  0]LogUObjectGlobals:Warning: 'Class 없음.' 오브젝트를 찾는 데 실패했습니다.
[2017.04.05-09.24.24:473][  0]LogLoad: Full Startup: 10.58 seconds (BP compile: 0.04 seconds)
[2017.04.05-09.24.24:490][  0]LogOcInput: Can't find Oculus library dev build: is proper Runtime installed? Version: 0.8.0.0
[2017.04.05-09.24.24:818][  0]LogContentStreaming: Texture pool size now 400 MB
[2017.04.05-09.24.24:951][  0]LogRenderer: Reallocating scene render targets to support 1576x836 (Frame:2).
[2017.04.05-09.24.25:871][  3]LogAssetRegistry: Asset discovery search completed in 5.9213 seconds
[2017.04.05-09.24.25:871][  3]LogCollectionManager: Rebuilt the object cache for 0 collections in 0.000001 seconds (found 0 objects)
[2017.04.05-09.24.25:871][  3]LogCollectionManager: Fixed up redirectors for 0 collections in 0.000026 seconds (updated 0 objects)
[2017.04.05-09.24.30:351][385]Cmd: QUIT_EDITOR
[2017.04.05-09.24.30:590][385]LogExit: Preparing to exit.
[2017.04.05-09.24.30:866][385]LogExit: Editor shut down
[2017.04.05-09.24.30:866][385]LogExit: Transaction tracking system shut down
[2017.04.05-09.24.30:868][385]LogParticles: Destroying 0 GPU particle simulations for FXSystem 0x000000000F9139C0
[2017.04.05-09.24.30:868][385]LogParticles: Destroying 0 GPU particle simulations for FXSystem 0x00000000230E3880
[2017.04.05-09.24.30:868][385]LogParticles: Destroying 0 GPU particle simulations for FXSystem 0x0000000023365440
[2017.04.05-09.24.31:003][385]LogExit: Object subsystem successfully closed.
[2017.04.05-09.24.31:013][385]LogD3D11RHI: Shutdown
[2017.04.05-09.24.31:013][385]LogD3D11RHI: CleanupD3DDevice
[2017.04.05-09.24.31:067][385]LogD3D11RHI: ~FD3D11DynamicRHI
[2017.04.05-09.24.31:145][385]LogModuleManager: Shutting down and abandoning module CrashTracker (198)
[2017.04.05-09.24.31:145][385]LogModuleManager: Shutting down and abandoning module SceneOutliner (197)
[2017.04.05-09.24.31:145][385]LogModuleManager: Shutting down and abandoning module SuperSearch (196)
[2017.04.05-09.24.31:145][385]LogModuleManager: Shutting down and abandoning module WidgetCarousel (195)
[2017.04.05-09.24.31:145][385]LogModuleManager: Shutting down and abandoning module AddContentDialog (194)
[2017.04.05-09.24.31:146][385]LogModuleManager: Shutting down and abandoning module EditorWidgets (193)
[2017.04.05-09.24.31:146][385]LogModuleManager: Shutting down and abandoning module CollectionManager (192)
[2017.04.05-09.24.31:146][385]LogModuleManager: Shutting down and abandoning module StatsViewer (191)
[2017.04.05-09.24.31:146][385]LogModuleManager: Shutting down and abandoning module FoliageEdit (190)
[2017.04.05-09.24.31:146][385]LogModuleManager: Shutting down and abandoning module LandscapeEditor (189)
[2017.04.05-09.24.31:147][385]LogModuleManager: Shutting down and abandoning module ActorPickerMode (188)
[2017.04.05-09.24.31:147][385]LogModuleManager: Shutting down and abandoning module GeometryMode (187)
[2017.04.05-09.24.31:147][385]LogModuleManager: Shutting down and abandoning module TextureAlignMode (186)
[2017.04.05-09.24.31:147][385]LogModuleManager: Shutting down and abandoning module BspMode (185)
[2017.04.05-09.24.31:147][385]LogModuleManager: Shutting down and abandoning module PlacementMode (184)
[2017.04.05-09.24.31:147][385]LogModuleManager: Shutting down and abandoning module AutomationWorker (183)
[2017.04.05-09.24.31:147][385]LogModuleManager: Shutting down and abandoning module CharacterAI (182)
[2017.04.05-09.24.31:147][385]LogModuleManager: Shutting down and abandoning module SmartSnapping (181)
[2017.04.05-09.24.31:147][385]LogModuleManager: Shutting down and abandoning module ViewportSnapping (180)
[2017.04.05-09.24.31:147][385]LogModuleManager: Shutting down and abandoning module LogVisualizer (179)
[2017.04.05-09.24.31:147][385]LogModuleManager: Shutting down and abandoning module GameProjectGeneration (178)
[2017.04.05-09.24.31:147][385]LogModuleManager: Shutting down and abandoning module IntroTutorials (177)
[2017.04.05-09.24.31:147][385]LogModuleManager: Shutting down and abandoning module EditorLiveStreaming (176)
[2017.04.05-09.24.31:147][385]LogModuleManager: Shutting down and abandoning module IOSPlatformEditor (175)
[2017.04.05-09.24.31:147][385]LogModuleManager: Shutting down and abandoning module HTML5PlatformEditor (174)
[2017.04.05-09.24.31:147][385]LogModuleManager: Shutting down and abandoning module AndroidDeviceDetection (173)
[2017.04.05-09.24.31:416][385]LogModuleManager: Shutting down and abandoning module AndroidPlatformEditor (172)
[2017.04.05-09.24.31:416][385]LogModuleManager: Shutting down and abandoning module IOSRuntimeSettings (171)
[2017.04.05-09.24.31:416][385]LogModuleManager: Shutting down and abandoning module AndroidRuntimeSettings (170)
[2017.04.05-09.24.31:416][385]LogModuleManager: Shutting down and abandoning module MergeActors (169)
[2017.04.05-09.24.31:417][385]LogModuleManager: Shutting down and abandoning module SizeMap (168)
[2017.04.05-09.24.31:417][385]LogModuleManager: Shutting down and abandoning module TreeMap (167)
[2017.04.05-09.24.31:417][385]LogModuleManager: Shutting down and abandoning module ReferenceViewer (166)
[2017.04.05-09.24.31:417][385]LogModuleManager: Shutting down and abandoning module LocalizationService (165)
[2017.04.05-09.24.31:417][385]LogModuleManager: Shutting down and abandoning module LocalizationDashboard (164)
[2017.04.05-09.24.31:417][385]LogModuleManager: Shutting down and abandoning module HardwareTargeting (163)
[2017.04.05-09.24.31:417][385]LogModuleManager: Shutting down and abandoning module DeviceProfileEditor (162)
[2017.04.05-09.24.31:417][385]LogModuleManager: Shutting down and abandoning module UndoHistory (161)
[2017.04.05-09.24.31:417][385]LogModuleManager: Shutting down and abandoning module GameplayTagsEditor (160)
[2017.04.05-09.24.31:417][385]LogModuleManager: Shutting down and abandoning module UserFeedback (159)
[2017.04.05-09.24.31:417][385]LogModuleManager: Shutting down and abandoning module XmlParser (158)
[2017.04.05-09.24.31:417][385]LogModuleManager: Shutting down and abandoning module Blutility (157)
[2017.04.05-09.24.31:417][385]LogModuleManager: Shutting down and abandoning module ProjectTargetPlatformEditor (156)
[2017.04.05-09.24.31:418][385]LogModuleManager: Shutting down and abandoning module ProjectSettingsViewer (155)
[2017.04.05-09.24.31:418][385]LogModuleManager: Shutting down and abandoning module InputBindingEditor (154)
[2017.04.05-09.24.31:418][385]LogModuleManager: Shutting down and abandoning module EditorSettingsViewer (153)
[2017.04.05-09.24.31:418][385]LogModuleManager: Shutting down and abandoning module SettingsEditor (152)
[2017.04.05-09.24.31:418][385]LogModuleManager: Shutting down and abandoning module ProjectLauncher (151)
[2017.04.05-09.24.31:418][385]LogModuleManager: Shutting down and abandoning module SessionFrontend (150)
[2017.04.05-09.24.31:418][385]LogModuleManager: Shutting down and abandoning module ProfilerClient (149)
[2017.04.05-09.24.31:418][385]LogModuleManager: Shutting down and abandoning module TargetDeviceServices (148)
[2017.04.05-09.24.31:418][385]LogModuleManager: Shutting down and abandoning module DeviceManager (147)
[2017.04.05-09.24.31:418][385]LogModuleManager: Shutting down and abandoning module AutomationController (146)
[2017.04.05-09.24.31:418][385]LogModuleManager: Shutting down and abandoning module AutomationWindow (145)
[2017.04.05-09.24.31:418][385]LogModuleManager: Shutting down and abandoning module Layers (144)
[2017.04.05-09.24.31:418][385]LogModuleManager: Shutting down and abandoning module ComponentVisualizers (143)
[2017.04.05-09.24.31:418][385]LogModuleManager: Shutting down and abandoning module DetailCustomizations (142)
[2017.04.05-09.24.31:419][385]LogModuleManager: Shutting down and abandoning module PackagesDialog (141)
[2017.04.05-09.24.31:419][385]LogModuleManager: Shutting down and abandoning module Persona (140)
[2017.04.05-09.24.31:419][385]LogModuleManager: Shutting down and abandoning module Kismet (139)
[2017.04.05-09.24.31:419][385]LogModuleManager: Shutting down and abandoning module GraphEditor (138)
[2017.04.05-09.24.31:419][385]LogModuleManager: Shutting down and abandoning module ClassViewer (137)
[2017.04.05-09.24.31:419][385]LogModuleManager: Shutting down and abandoning module Toolbox (136)
[2017.04.05-09.24.31:419][385]LogModuleManager: Shutting down and abandoning module ModuleUI (135)
[2017.04.05-09.24.31:419][385]LogModuleManager: Shutting down and abandoning module MovieSceneTools (134)
[2017.04.05-09.24.31:419][385]LogModuleManager: Shutting down and abandoning module OutputLog (133)
[2017.04.05-09.24.31:419][385]LogModuleManager: Shutting down and abandoning module GammaUI (132)
[2017.04.05-09.24.31:419][385]LogModuleManager: Shutting down and abandoning module Documentation (131)
[2017.04.05-09.24.31:419][385]LogModuleManager: Shutting down and abandoning module GameLiveStreaming (130)
[2017.04.05-09.24.31:419][385]LogModuleManager: Shutting down and abandoning module StreamingPauseRendering (129)
[2017.04.05-09.24.31:419][385]LogModuleManager: Shutting down and abandoning module AnalyticsET (128)
[2017.04.05-09.24.31:420][385]LogModuleManager: Shutting down and abandoning module Analytics (127)
[2017.04.05-09.24.31:420][385]LogModuleManager: Shutting down and abandoning module AITestSuite (126)
[2017.04.05-09.24.31:420][385]LogModuleManager: Shutting down and abandoning module GameplayDebugger (125)
[2017.04.05-09.24.31:420][385]LogModuleManager: Shutting down and abandoning module AIModule (124)
[2017.04.05-09.24.31:420][385]LogModuleManager: Shutting down and abandoning module ProfilerService (123)
[2017.04.05-09.24.31:532][385]LogModuleManager: Shutting down and abandoning module TaskGraph (122)
[2017.04.05-09.24.31:532][385]LogModuleManager: Shutting down and abandoning module SlateRemote (121)
[2017.04.05-09.24.31:532][385]LogModuleManager: Shutting down and abandoning module SteamVRController (120)
[2017.04.05-09.24.31:532][385]LogModuleManager: Shutting down and abandoning module SteamVR (119)
[2017.04.05-09.24.31:532][385]LogModuleManager: Shutting down and abandoning module ProceduralMeshComponent (118)
[2017.04.05-09.24.31:532][385]LogModuleManager: Shutting down and abandoning module OculusLibrary (117)
[2017.04.05-09.24.31:532][385]LogModuleManager: Shutting down and abandoning module OculusInput (116)
[2017.04.05-09.24.31:532][385]LogModuleManager: Shutting down and abandoning module LeapMotionController (115)
[2017.04.05-09.24.31:583][385]LogModuleManager: Shutting down and abandoning module CustomMeshComponent (114)
[2017.04.05-09.24.31:584][385]LogModuleManager: Shutting down and abandoning module CableComponent (113)
[2017.04.05-09.24.31:584][385]LogModuleManager: Shutting down and abandoning module ArchVisCharacter (112)
[2017.04.05-09.24.31:584][385]LogModuleManager: Shutting down and abandoning module MessagingDebugger (111)
[2017.04.05-09.24.31:584][385]LogModuleManager: Shutting down and abandoning module MediaPlayerEditor (110)
[2017.04.05-09.24.31:584][385]LogModuleManager: Shutting down and abandoning module HTML5Networking (109)
[2017.04.05-09.24.31:584][385]LogModuleManager: Shutting down and abandoning module SpeedTreeImporter (108)
[2017.04.05-09.24.31:584][385]LogModuleManager: Shutting down and abandoning module PluginBrowser (107)
[2017.04.05-09.24.31:584][385]LogModuleManager: Shutting down and abandoning module EpicSurvey (106)
[2017.04.05-09.24.31:584][385]LogModuleManager: Shutting down and abandoning module DesktopPlatform (105)
[2017.04.05-09.24.31:584][385]LogModuleManager: Shutting down and abandoning module VisualStudioSourceCodeAccess (104)
[2017.04.05-09.24.31:584][385]LogModuleManager: Shutting down and abandoning module UObjectPlugin (103)
[2017.04.05-09.24.31:584][385]LogModuleManager: Shutting down and abandoning module SubversionSourceControl (102)
[2017.04.05-09.24.31:584][385]LogModuleManager: Shutting down and abandoning module PerforceSourceControl (101)
[2017.04.05-09.24.31:584][385]LogModuleManager: Shutting down and abandoning module SourceControl (100)
[2017.04.05-09.24.31:584][385]LogModuleManager: Shutting down and abandoning module GitSourceControl (99)
[2017.04.05-09.24.31:584][385]LogModuleManager: Shutting down and abandoning module LightPropagationVolumeEditor (98)
[2017.04.05-09.24.31:584][385]LogModuleManager: Shutting down and abandoning module PaperTiledImporter (97)
[2017.04.05-09.24.31:584][385]LogModuleManager: Shutting down and abandoning module PaperSpriteSheetImporter (96)
[2017.04.05-09.24.31:584][385]LogModuleManager: Shutting down and abandoning module MeshPaint (95)
[2017.04.05-09.24.31:584][385]LogModuleManager: Shutting down and abandoning module SlateReflector (94)
[2017.04.05-09.24.31:584][385]LogModuleManager: Shutting down and abandoning module HotReload (93)
[2017.04.05-09.24.31:584][385]LogModuleManager: Shutting down and abandoning module MainFrame (92)
[2017.04.05-09.24.31:584][385]LogModuleManager: Shutting down and abandoning module LevelEditor (91)
[2017.04.05-09.24.31:586][385]LogModuleManager: Shutting down and abandoning module DirectoryWatcher (90)
[2017.04.05-09.24.31:587][385]LogModuleManager: Shutting down and abandoning module AssetRegistry (89)
[2017.04.05-09.24.31:637][385]LogModuleManager: Shutting down and abandoning module ContentBrowser (88)
[2017.04.05-09.24.31:637][385]LogModuleManager: Shutting down and abandoning module Paper2DEditor (87)
[2017.04.05-09.24.31:637][385]LogModuleManager: Shutting down and abandoning module UdpMessaging (86)
[2017.04.05-09.24.31:737][385]LogModuleManager: Shutting down and abandoning module LightPropagationVolumeRuntime (85)
[2017.04.05-09.24.31:737][385]LogModuleManager: Shutting down and abandoning module Paper2D (84)
[2017.04.05-09.24.31:737][385]LogModuleManager: Shutting down and abandoning module WindowsMoviePlayer (83)
[2017.04.05-09.24.31:747][385]LogModuleManager: Shutting down and abandoning module Media (82)
[2017.04.05-09.24.31:747][385]LogModuleManager: Shutting down and abandoning module WmfMedia (81)
[2017.04.05-09.24.31:748][385]LogModuleManager: Shutting down and abandoning module OnlineBlueprintSupport (80)
[2017.04.05-09.24.31:748][385]LogModuleManager: Shutting down and abandoning module GameplayTasksEditor (79)
[2017.04.05-09.24.31:748][385]LogModuleManager: Shutting down and abandoning module PropertyEditor (78)
[2017.04.05-09.24.31:748][385]LogModuleManager: Shutting down and abandoning module BehaviorTreeEditor (77)
[2017.04.05-09.24.31:748][385]LogModuleManager: Shutting down and abandoning module FunctionalTesting (76)
[2017.04.05-09.24.31:748][385]LogModuleManager: Shutting down and abandoning module CollisionAnalyzer (75)
[2017.04.05-09.24.31:748][385]LogModuleManager: Shutting down and abandoning module WorkspaceMenuStructure (74)
[2017.04.05-09.24.31:748][385]LogModuleManager: Shutting down and abandoning module MessageLog (73)
[2017.04.05-09.24.31:748][385]LogModuleManager: Shutting down and abandoning module Sequencer (72)
[2017.04.05-09.24.31:749][385]LogModuleManager: Shutting down and abandoning module AssetTools (71)
[2017.04.05-09.24.31:749][385]LogModuleManager: Shutting down and abandoning module UMGEditor (70)
[2017.04.05-09.24.31:749][385]LogModuleManager: Shutting down and abandoning module UMG (69)
[2017.04.05-09.24.31:749][385]LogModuleManager: Shutting down and abandoning module Slate (68)
[2017.04.05-09.24.31:749][385]LogModuleManager: Shutting down and abandoning module EditorStyle (67)
[2017.04.05-09.24.31:756][385]LogModuleManager: Shutting down and abandoning module SessionServices (66)
[2017.04.05-09.24.31:756][385]LogModuleManager: Shutting down and abandoning module SourceCodeAccess (65)
[2017.04.05-09.24.31:756][385]LogModuleManager: Shutting down and abandoning module HeadMountedDisplay (64)
[2017.04.05-09.24.31:756][385]LogModuleManager: Shutting down and abandoning module XAudio2 (63)
[2017.04.05-09.24.31:756][385]LogModuleManager: Shutting down and abandoning module Networking (61)
[2017.04.05-09.24.31:756][385]LogModuleManager: Shutting down and abandoning module Core (60)
[2017.04.05-09.24.31:756][385]LogModuleManager: Shutting down and abandoning module KismetCompiler (59)
[2017.04.05-09.24.31:756][385]LogModuleManager: Shutting down and abandoning module PhysXFormats (58)
[2017.04.05-09.24.31:756][385]LogModuleManager: Shutting down and abandoning module MeshUtilities (57)
[2017.04.05-09.24.31:756][385]LogModuleManager: Shutting down and abandoning module DerivedDataCache (56)
[2017.04.05-09.24.31:889][385]LogDerivedDataCache: Shutdown
[2017.04.05-09.24.31:889][385]LogModuleManager: Shutting down and abandoning module ShaderFormatOpenGL (55)
[2017.04.05-09.24.31:889][385]LogModuleManager: Shutting down and abandoning module ShaderFormatD3D (54)
[2017.04.05-09.24.31:889][385]LogModuleManager: Shutting down and abandoning module MetalShaderFormat (53)
[2017.04.05-09.24.31:889][385]LogModuleManager: Shutting down and abandoning module TextureFormatUncompressed (52)
[2017.04.05-09.24.31:889][385]LogModuleManager: Shutting down and abandoning module TextureFormatPVR (51)
[2017.04.05-09.24.31:889][385]LogModuleManager: Shutting down and abandoning module TextureFormatIntelISPCTexComp (50)
[2017.04.05-09.24.31:889][385]LogModuleManager: Shutting down and abandoning module TextureFormatDXT (49)
[2017.04.05-09.24.31:889][385]LogModuleManager: Shutting down and abandoning module ImageWrapper (48)
[2017.04.05-09.24.31:889][385]LogModuleManager: Shutting down and abandoning module TextureFormatASTC (47)
[2017.04.05-09.24.31:889][385]LogModuleManager: Shutting down and abandoning module TextureFormatAndroid (46)
[2017.04.05-09.24.31:889][385]LogModuleManager: Shutting down and abandoning module AudioFormatOpus (45)
[2017.04.05-09.24.31:889][385]LogModuleManager: Shutting down and abandoning module AudioFormatOgg (44)
[2017.04.05-09.24.31:889][385]LogModuleManager: Shutting down and abandoning module AudioFormatADPCM (43)
[2017.04.05-09.24.31:889][385]LogModuleManager: Shutting down and abandoning module LinuxTargetPlatform (42)
[2017.04.05-09.24.31:889][385]LogModuleManager: Shutting down and abandoning module LinuxServerTargetPlatform (41)
[2017.04.05-09.24.31:889][385]LogModuleManager: Shutting down and abandoning module LinuxNoEditorTargetPlatform (40)
[2017.04.05-09.24.31:889][385]LogModuleManager: Shutting down and abandoning module Messaging (39)
[2017.04.05-09.24.31:889][385]LogModuleManager: Shutting down and abandoning module IOSTargetPlatform (38)
[2017.04.05-09.24.31:889][385]LogModuleManager: Shutting down and abandoning module HTML5TargetPlatform (37)
[2017.04.05-09.24.31:889][385]LogModuleManager: Shutting down and abandoning module AndroidTargetPlatform (36)
[2017.04.05-09.24.31:889][385]LogModuleManager: Shutting down and abandoning module Android_PVRTCTargetPlatform (35)
[2017.04.05-09.24.31:889][385]LogModuleManager: Shutting down and abandoning module Android_MultiTargetPlatform (34)
[2017.04.05-09.24.31:889][385]LogModuleManager: Shutting down and abandoning module Android_ETC2TargetPlatform (33)
[2017.04.05-09.24.31:889][385]LogModuleManager: Shutting down and abandoning module Android_ETC1TargetPlatform (32)
[2017.04.05-09.24.31:889][385]LogModuleManager: Shutting down and abandoning module Android_DXTTargetPlatform (31)
[2017.04.05-09.24.31:889][385]LogModuleManager: Shutting down and abandoning module Android_ATCTargetPlatform (30)
[2017.04.05-09.24.31:889][385]LogModuleManager: Shutting down and abandoning module Android_ASTCTargetPlatform (29)
[2017.04.05-09.24.31:889][385]LogModuleManager: Shutting down and abandoning module WindowsTargetPlatform (28)
[2017.04.05-09.24.31:889][385]LogModuleManager: Shutting down and abandoning module WindowsServerTargetPlatform (27)
[2017.04.05-09.24.31:889][385]LogModuleManager: Shutting down and abandoning module WindowsNoEditorTargetPlatform (26)
[2017.04.05-09.24.31:889][385]LogModuleManager: Shutting down and abandoning module WindowsClientTargetPlatform (25)
[2017.04.05-09.24.31:889][385]LogModuleManager: Shutting down and abandoning module AllDesktopTargetPlatform (24)
[2017.04.05-09.24.31:889][385]LogModuleManager: Shutting down and abandoning module TargetPlatform (23)
[2017.04.05-09.24.31:889][385]LogModuleManager: Shutting down and abandoning module InputCore (22)
[2017.04.05-09.24.31:889][385]LogModuleManager: Shutting down and abandoning module Settings (21)
[2017.04.05-09.24.31:889][385]LogModuleManager: Shutting down and abandoning module OnlineSubsystem (19)
[2017.04.05-09.24.31:889][385]LogModuleManager: Shutting down and abandoning module HTTP (18)
[2017.04.05-09.24.33:891][385]LogModuleManager: Shutting down and abandoning module XMPP (17)
[2017.04.05-09.24.33:891][385]LogModuleManager: Shutting down and abandoning module OculusRift (16)
[2017.04.05-09.24.33:891][385]LogModuleManager: Shutting down and abandoning module ExampleDeviceProfileSelector (15)
[2017.04.05-09.24.33:891][385]LogModuleManager: Shutting down and abandoning module TextureCompressor (14)
[2017.04.05-09.24.33:891][385]LogModuleManager: Shutting down and abandoning module ShaderCore (13)
[2017.04.05-09.24.33:891][385]LogModuleManager: Shutting down and abandoning module Landscape (12)
[2017.04.05-09.24.33:892][385]LogModuleManager: Shutting down and abandoning module SlateRHIRenderer (11)
[2017.04.05-09.24.33:894][385]LogModuleManager: Shutting down and abandoning module OpenGLDrv (10)
[2017.04.05-09.24.33:894][385]LogModuleManager: Shutting down and abandoning module D3D11RHI (9)
[2017.04.05-09.24.33:894][385]LogModuleManager: Shutting down and abandoning module AnimGraphRuntime (8)
[2017.04.05-09.24.33:894][385]LogModuleManager: Shutting down and abandoning module Renderer (7)
[2017.04.05-09.24.33:894][385]LogModuleManager: Shutting down and abandoning module Engine (6)
[2017.04.05-09.24.33:894][385]LogModuleManager: Shutting down and abandoning module CoreUObject (5)
[2017.04.05-09.24.33:894][385]LogModuleManager: Shutting down and abandoning module NetworkFile (4)
[2017.04.05-09.24.33:894][385]LogModuleManager: Shutting down and abandoning module StreamingFile (3)
[2017.04.05-09.24.33:894][385]LogModuleManager: Shutting down and abandoning module SandboxFile (2)
[2017.04.05-09.24.33:894][385]LogModuleManager: Shutting down and abandoning module PakFile (1)
[2017.04.05-09.24.33:897][385]LogExit: Exiting.
[2017.04.05-09.24.33:900][385]Log file closed, 04/05/17 18:24:33
